Determining if the pthread_create exist failed with the following output:
Change Dir: /home/lishenghao/ros_workspace/SC0_ws/src/base_simple_controller/cmake-build-debug/CMakeFiles/CMakeTmp

Run Build Command:"/usr/bin/make" "cmTC_d834a/fast"
/usr/bin/make -f CMakeFiles/cmTC_d834a.dir/build.make CMakeFiles/cmTC_d834a.dir/build
make[1]: Entering directory '/home/lishenghao/ros_workspace/SC0_ws/src/base_simple_controller/cmake-build-debug/CMakeFiles/CMakeTmp'
Building C object CMakeFiles/cmTC_d834a.dir/CheckSymbolExists.c.o
/usr/bin/cc    -o CMakeFiles/cmTC_d834a.dir/CheckSymbolExists.c.o   -c /home/lishenghao/ros_workspace/SC0_ws/src/base_simple_controller/cmake-build-debug/CMakeFiles/CMakeTmp/CheckSymbolExists.c
Linking C executable cmTC_d834a
/home/lishenghao/clion-2018.1.3/bin/cmake/bin/cmake -E cmake_link_script CMakeFiles/cmTC_d834a.dir/link.txt --verbose=1
/usr/bin/cc      -rdynamic CMakeFiles/cmTC_d834a.dir/CheckSymbolExists.c.o  -o cmTC_d834a 
CMakeFiles/cmTC_d834a.dir/CheckSymbolExists.c.o：在函数‘main’中：
CheckSymbolExists.c:(.text+0x16)：对‘pthread_create’未定义的引用
collect2: error: ld returned 1 exit status
CMakeFiles/cmTC_d834a.dir/build.make:97: recipe for target 'cmTC_d834a' failed
make[1]: *** [cmTC_d834a] Error 1
make[1]: Leaving directory '/home/lishenghao/ros_workspace/SC0_ws/src/base_simple_controller/cmake-build-debug/CMakeFiles/CMakeTmp'
Makefile:126: recipe for target 'cmTC_d834a/fast' failed
make: *** [cmTC_d834a/fast] Error 2

File /home/lishenghao/ros_workspace/SC0_ws/src/base_simple_controller/cmake-build-debug/CMakeFiles/CMakeTmp/CheckSymbolExists.c:
/* */
#include <pthread.h>

int main(int argc, char** argv)
{
  (void)argv;
#ifndef pthread_create
  return ((int*)(&pthread_create))[argc];
#else
  (void)argc;
  return 0;
#endif
}

Determining if the function pthread_create exists in the pthreads failed with the following output:
Change Dir: /home/lishenghao/ros_workspace/SC0_ws/src/base_simple_controller/cmake-build-debug/CMakeFiles/CMakeTmp

Run Build Command:"/usr/bin/make" "cmTC_3eaec/fast"
/usr/bin/make -f CMakeFiles/cmTC_3eaec.dir/build.make CMakeFiles/cmTC_3eaec.dir/build
make[1]: Entering directory '/home/lishenghao/ros_workspace/SC0_ws/src/base_simple_controller/cmake-build-debug/CMakeFiles/CMakeTmp'
Building C object CMakeFiles/cmTC_3eaec.dir/CheckFunctionExists.c.o
/usr/bin/cc   -DCHECK_FUNCTION_EXISTS=pthread_create   -o CMakeFiles/cmTC_3eaec.dir/CheckFunctionExists.c.o   -c /home/lishenghao/clion-2018.1.3/bin/cmake/share/cmake-3.10/Modules/CheckFunctionExists.c
Linking C executable cmTC_3eaec
/home/lishenghao/clion-2018.1.3/bin/cmake/bin/cmake -E cmake_link_script CMakeFiles/cmTC_3eaec.dir/link.txt --verbose=1
/usr/bin/cc  -DCHECK_FUNCTION_EXISTS=pthread_create    -rdynamic CMakeFiles/cmTC_3eaec.dir/CheckFunctionExists.c.o  -o cmTC_3eaec -lpthreads 
/usr/bin/x86_64-linux-gnu-ld: 找不到 -lpthreads
collect2: error: ld returned 1 exit status
CMakeFiles/cmTC_3eaec.dir/build.make:97: recipe for target 'cmTC_3eaec' failed
make[1]: *** [cmTC_3eaec] Error 1
make[1]: Leaving directory '/home/lishenghao/ros_workspace/SC0_ws/src/base_simple_controller/cmake-build-debug/CMakeFiles/CMakeTmp'
Makefile:126: recipe for target 'cmTC_3eaec/fast' failed
make: *** [cmTC_3eaec/fast] Error 2


