Determining if the pthread_create exist failed with the following output:
Change Dir: /home/lishenghao/ros_workspace/SC0_ws/src/ocean_vision/cmake-build-debug/CMakeFiles/CMakeTmp

Run Build Command:"/usr/bin/make" "cmTC_dc440/fast"
/usr/bin/make -f CMakeFiles/cmTC_dc440.dir/build.make CMakeFiles/cmTC_dc440.dir/build
make[1]: Entering directory '/home/lishenghao/ros_workspace/SC0_ws/src/ocean_vision/cmake-build-debug/CMakeFiles/CMakeTmp'
Building C object CMakeFiles/cmTC_dc440.dir/CheckSymbolExists.c.o
/usr/bin/cc    -o CMakeFiles/cmTC_dc440.dir/CheckSymbolExists.c.o   -c /home/lishenghao/ros_workspace/SC0_ws/src/ocean_vision/cmake-build-debug/CMakeFiles/CMakeTmp/CheckSymbolExists.c
Linking C executable cmTC_dc440
/home/lishenghao/clion-2018.1.3/bin/cmake/bin/cmake -E cmake_link_script CMakeFiles/cmTC_dc440.dir/link.txt --verbose=1
/usr/bin/cc      -rdynamic CMakeFiles/cmTC_dc440.dir/CheckSymbolExists.c.o  -o cmTC_dc440 
CMakeFiles/cmTC_dc440.dir/CheckSymbolExists.c.o：在函数‘main’中：
CheckSymbolExists.c:(.text+0x16)：对‘pthread_create’未定义的引用
collect2: error: ld returned 1 exit status
CMakeFiles/cmTC_dc440.dir/build.make:97: recipe for target 'cmTC_dc440' failed
make[1]: *** [cmTC_dc440] Error 1
make[1]: Leaving directory '/home/lishenghao/ros_workspace/SC0_ws/src/ocean_vision/cmake-build-debug/CMakeFiles/CMakeTmp'
Makefile:126: recipe for target 'cmTC_dc440/fast' failed
make: *** [cmTC_dc440/fast] Error 2

File /home/lishenghao/ros_workspace/SC0_ws/src/ocean_vision/cmake-build-debug/CMakeFiles/CMakeTmp/CheckSymbolExists.c:
/* */
#include <pthread.h>

int main(int argc, char** argv)
{
  (void)argv;
#ifndef pthread_create
  return ((int*)(&pthread_create))[argc];
#else
  (void)argc;
  return 0;
#endif
}

Determining if the function pthread_create exists in the pthreads failed with the following output:
Change Dir: /home/lishenghao/ros_workspace/SC0_ws/src/ocean_vision/cmake-build-debug/CMakeFiles/CMakeTmp

Run Build Command:"/usr/bin/make" "cmTC_b9c5c/fast"
/usr/bin/make -f CMakeFiles/cmTC_b9c5c.dir/build.make CMakeFiles/cmTC_b9c5c.dir/build
make[1]: Entering directory '/home/lishenghao/ros_workspace/SC0_ws/src/ocean_vision/cmake-build-debug/CMakeFiles/CMakeTmp'
Building C object CMakeFiles/cmTC_b9c5c.dir/CheckFunctionExists.c.o
/usr/bin/cc   -DCHECK_FUNCTION_EXISTS=pthread_create   -o CMakeFiles/cmTC_b9c5c.dir/CheckFunctionExists.c.o   -c /home/lishenghao/clion-2018.1.3/bin/cmake/share/cmake-3.10/Modules/CheckFunctionExists.c
Linking C executable cmTC_b9c5c
/home/lishenghao/clion-2018.1.3/bin/cmake/bin/cmake -E cmake_link_script CMakeFiles/cmTC_b9c5c.dir/link.txt --verbose=1
/usr/bin/cc  -DCHECK_FUNCTION_EXISTS=pthread_create    -rdynamic CMakeFiles/cmTC_b9c5c.dir/CheckFunctionExists.c.o  -o cmTC_b9c5c -lpthreads 
/usr/bin/x86_64-linux-gnu-ld: 找不到 -lpthreads
collect2: error: ld returned 1 exit status
CMakeFiles/cmTC_b9c5c.dir/build.make:97: recipe for target 'cmTC_b9c5c' failed
make[1]: *** [cmTC_b9c5c] Error 1
make[1]: Leaving directory '/home/lishenghao/ros_workspace/SC0_ws/src/ocean_vision/cmake-build-debug/CMakeFiles/CMakeTmp'
Makefile:126: recipe for target 'cmTC_b9c5c/fast' failed
make: *** [cmTC_b9c5c/fast] Error 2


